<?xml version="1.0" encoding="UTF-8"?>
<!-- Generated by org.testng.reporters.JUnitReportReporter -->
<testsuite skipped="0" hostname="LAPTOP-PP7LTPN0" name="com.demoaut.newtours.TestScripts.VerifyInvalidCredentialsTest" tests="1" failures="0" timestamp="12 Jun 2019 16:13:32 GMT" time="34.460" errors="0">
  <testcase name="verifyInValidLogin" time="34.460" classname="com.demoaut.newtours.TestScripts.VerifyInvalidCredentialsTest"/>
</testsuite> <!-- com.demoaut.newtours.TestScripts.VerifyInvalidCredentialsTest -->
